2022-08-08 13:44:27,244 INFO    MainThread:17272 [internal.py:wandb_internal():90] W&B internal server running at pid: 17272, started at: 2022-08-08 13:44:27.243265
2022-08-08 13:44:27,253 INFO    WriterThread:17272 [datastore.py:open_for_write():75] open: C:\Users\Nicor\OneDrive\Documents\KolkowitzLab\Ellipse fitting\Learners\Learner 1 wandb\wandb\run-20220808_134421-109rhh6v\run-109rhh6v.wandb
2022-08-08 13:44:27,259 DEBUG   SenderThread:17272 [sender.py:send():236] send: header
2022-08-08 13:44:27,259 DEBUG   SenderThread:17272 [sender.py:send():236] send: run
2022-08-08 13:44:27,514 DEBUG   HandlerThread:17272 [handler.py:handle_request():140] handle_request: check_version
2022-08-08 13:44:27,589 INFO    SenderThread:17272 [dir_watcher.py:__init__():216] watching files in: C:\Users\Nicor\OneDrive\Documents\KolkowitzLab\Ellipse fitting\Learners\Learner 1 wandb\wandb\run-20220808_134421-109rhh6v\files
2022-08-08 13:44:27,591 INFO    SenderThread:17272 [sender.py:_start_run_threads():815] run started: 109rhh6v with start time 1659984263
2022-08-08 13:44:27,592 DEBUG   SenderThread:17272 [sender.py:send():236] send: summary
2022-08-08 13:44:27,594 INFO    SenderThread:17272 [sender.py:_save_file():952] saving file wandb-summary.json with policy end
2022-08-08 13:44:27,598 DEBUG   SenderThread:17272 [sender.py:send_request():250] send_request: check_version
2022-08-08 13:44:27,811 DEBUG   HandlerThread:17272 [handler.py:handle_request():140] handle_request: run_start
2022-08-08 13:44:28,427 DEBUG   HandlerThread:17272 [meta.py:__init__():35] meta init
2022-08-08 13:44:28,428 DEBUG   HandlerThread:17272 [meta.py:__init__():49] meta init done
2022-08-08 13:44:28,428 DEBUG   HandlerThread:17272 [meta.py:probe():209] probe
2022-08-08 13:44:28,548 DEBUG   HandlerThread:17272 [meta.py:_setup_git():199] setup git
2022-08-08 13:44:28,628 INFO    Thread-17 :17272 [dir_watcher.py:_on_file_created():269] file/dir created: C:\Users\Nicor\OneDrive\Documents\KolkowitzLab\Ellipse fitting\Learners\Learner 1 wandb\wandb\run-20220808_134421-109rhh6v\files\wandb-summary.json
2022-08-08 13:44:28,721 DEBUG   HandlerThread:17272 [meta.py:_setup_git():206] setup git done
2022-08-08 13:44:28,721 DEBUG   HandlerThread:17272 [meta.py:_save_pip():53] save pip
2022-08-08 13:44:28,723 DEBUG   HandlerThread:17272 [meta.py:_save_pip():67] save pip done
2022-08-08 13:44:28,723 DEBUG   HandlerThread:17272 [meta.py:probe():247] probe done
2022-08-08 13:44:28,750 DEBUG   SenderThread:17272 [sender.py:send():236] send: files
2022-08-08 13:44:28,750 INFO    SenderThread:17272 [sender.py:_save_file():952] saving file wandb-metadata.json with policy now
2022-08-08 13:44:28,871 DEBUG   HandlerThread:17272 [handler.py:handle_request():140] handle_request: stop_status
2022-08-08 13:44:28,872 DEBUG   SenderThread:17272 [sender.py:send_request():250] send_request: stop_status
2022-08-08 13:44:28,986 DEBUG   SenderThread:17272 [sender.py:send():236] send: telemetry
2022-08-08 13:44:29,298 INFO    Thread-23 :17272 [upload_job.py:push():138] Uploaded file C:\Users\Nicor\AppData\Local\Temp\tmpfll7zhetwandb\1uupze3h-wandb-metadata.json
2022-08-08 13:44:29,625 INFO    Thread-17 :17272 [dir_watcher.py:_on_file_created():269] file/dir created: C:\Users\Nicor\OneDrive\Documents\KolkowitzLab\Ellipse fitting\Learners\Learner 1 wandb\wandb\run-20220808_134421-109rhh6v\files\wandb-metadata.json
2022-08-08 13:44:29,628 INFO    Thread-17 :17272 [dir_watcher.py:_on_file_created():269] file/dir created: C:\Users\Nicor\OneDrive\Documents\KolkowitzLab\Ellipse fitting\Learners\Learner 1 wandb\wandb\run-20220808_134421-109rhh6v\files\requirements.txt
2022-08-08 13:44:29,629 INFO    Thread-17 :17272 [dir_watcher.py:_on_file_created():269] file/dir created: C:\Users\Nicor\OneDrive\Documents\KolkowitzLab\Ellipse fitting\Learners\Learner 1 wandb\wandb\run-20220808_134421-109rhh6v\files\output.log
2022-08-08 13:44:31,640 INFO    Thread-17 :17272 [dir_watcher.py:_on_file_modified():286] file/dir modified: C:\Users\Nicor\OneDrive\Documents\KolkowitzLab\Ellipse fitting\Learners\Learner 1 wandb\wandb\run-20220808_134421-109rhh6v\files\output.log
2022-08-08 13:44:44,003 DEBUG   HandlerThread:17272 [handler.py:handle_request():140] handle_request: stop_status
2022-08-08 13:44:44,004 DEBUG   SenderThread:17272 [sender.py:send_request():250] send_request: stop_status
2022-08-08 13:44:58,921 INFO    Thread-17 :17272 [dir_watcher.py:_on_file_modified():286] file/dir modified: C:\Users\Nicor\OneDrive\Documents\KolkowitzLab\Ellipse fitting\Learners\Learner 1 wandb\wandb\run-20220808_134421-109rhh6v\files\config.yaml
2022-08-08 13:44:59,210 DEBUG   HandlerThread:17272 [handler.py:handle_request():140] handle_request: stop_status
2022-08-08 13:44:59,211 DEBUG   SenderThread:17272 [sender.py:send_request():250] send_request: stop_status
2022-08-08 13:45:01,166 DEBUG   SenderThread:17272 [sender.py:send():236] send: stats
2022-08-08 13:45:14,365 DEBUG   HandlerThread:17272 [handler.py:handle_request():140] handle_request: stop_status
2022-08-08 13:45:14,366 DEBUG   SenderThread:17272 [sender.py:send_request():250] send_request: stop_status
2022-08-08 13:45:30,772 DEBUG   HandlerThread:17272 [handler.py:handle_request():140] handle_request: stop_status
2022-08-08 13:45:30,773 DEBUG   SenderThread:17272 [sender.py:send_request():250] send_request: stop_status
2022-08-08 13:45:36,663 DEBUG   SenderThread:17272 [sender.py:send():236] send: stats
2022-08-08 13:45:45,955 DEBUG   HandlerThread:17272 [handler.py:handle_request():140] handle_request: stop_status
2022-08-08 13:45:45,956 DEBUG   SenderThread:17272 [sender.py:send_request():250] send_request: stop_status
2022-08-08 13:46:01,137 DEBUG   HandlerThread:17272 [handler.py:handle_request():140] handle_request: stop_status
2022-08-08 13:46:01,138 DEBUG   SenderThread:17272 [sender.py:send_request():250] send_request: stop_status
2022-08-08 13:46:12,077 DEBUG   SenderThread:17272 [sender.py:send():236] send: stats
2022-08-08 13:46:17,368 DEBUG   HandlerThread:17272 [handler.py:handle_request():140] handle_request: stop_status
2022-08-08 13:46:17,370 DEBUG   SenderThread:17272 [sender.py:send_request():250] send_request: stop_status
2022-08-08 13:46:32,575 DEBUG   HandlerThread:17272 [handler.py:handle_request():140] handle_request: stop_status
2022-08-08 13:46:32,576 DEBUG   SenderThread:17272 [sender.py:send_request():250] send_request: stop_status
2022-08-08 13:46:47,477 DEBUG   SenderThread:17272 [sender.py:send():236] send: stats
2022-08-08 13:46:47,776 DEBUG   HandlerThread:17272 [handler.py:handle_request():140] handle_request: stop_status
2022-08-08 13:46:47,777 DEBUG   SenderThread:17272 [sender.py:send_request():250] send_request: stop_status
2022-08-08 13:47:03,016 DEBUG   HandlerThread:17272 [handler.py:handle_request():140] handle_request: stop_status
2022-08-08 13:47:03,016 DEBUG   SenderThread:17272 [sender.py:send_request():250] send_request: stop_status
2022-08-08 13:47:18,153 DEBUG   HandlerThread:17272 [handler.py:handle_request():140] handle_request: stop_status
2022-08-08 13:47:18,154 DEBUG   SenderThread:17272 [sender.py:send_request():250] send_request: stop_status
2022-08-08 13:47:22,866 DEBUG   SenderThread:17272 [sender.py:send():236] send: stats
2022-08-08 13:47:33,274 DEBUG   HandlerThread:17272 [handler.py:handle_request():140] handle_request: stop_status
2022-08-08 13:47:33,275 DEBUG   SenderThread:17272 [sender.py:send_request():250] send_request: stop_status
2022-08-08 13:47:48,451 DEBUG   HandlerThread:17272 [handler.py:handle_request():140] handle_request: stop_status
2022-08-08 13:47:48,451 DEBUG   SenderThread:17272 [sender.py:send_request():250] send_request: stop_status
2022-08-08 13:47:58,490 DEBUG   SenderThread:17272 [sender.py:send():236] send: stats
2022-08-08 13:48:03,629 DEBUG   HandlerThread:17272 [handler.py:handle_request():140] handle_request: stop_status
2022-08-08 13:48:03,629 DEBUG   SenderThread:17272 [sender.py:send_request():250] send_request: stop_status
2022-08-08 13:48:18,796 DEBUG   HandlerThread:17272 [handler.py:handle_request():140] handle_request: stop_status
2022-08-08 13:48:18,798 DEBUG   SenderThread:17272 [sender.py:send_request():250] send_request: stop_status
2022-08-08 13:48:33,982 DEBUG   HandlerThread:17272 [handler.py:handle_request():140] handle_request: stop_status
2022-08-08 13:48:33,983 DEBUG   SenderThread:17272 [sender.py:send_request():250] send_request: stop_status
2022-08-08 13:48:34,187 DEBUG   SenderThread:17272 [sender.py:send():236] send: stats
2022-08-08 13:48:49,137 DEBUG   HandlerThread:17272 [handler.py:handle_request():140] handle_request: stop_status
2022-08-08 13:48:49,139 DEBUG   SenderThread:17272 [sender.py:send_request():250] send_request: stop_status
2022-08-08 13:49:04,333 DEBUG   HandlerThread:17272 [handler.py:handle_request():140] handle_request: stop_status
2022-08-08 13:49:04,334 DEBUG   SenderThread:17272 [sender.py:send_request():250] send_request: stop_status
2022-08-08 13:49:09,975 DEBUG   SenderThread:17272 [sender.py:send():236] send: stats
2022-08-08 13:49:19,521 DEBUG   HandlerThread:17272 [handler.py:handle_request():140] handle_request: stop_status
2022-08-08 13:49:19,522 DEBUG   SenderThread:17272 [sender.py:send_request():250] send_request: stop_status
2022-08-08 13:49:34,738 DEBUG   HandlerThread:17272 [handler.py:handle_request():140] handle_request: stop_status
2022-08-08 13:49:34,738 DEBUG   SenderThread:17272 [sender.py:send_request():250] send_request: stop_status
2022-08-08 13:49:45,532 DEBUG   SenderThread:17272 [sender.py:send():236] send: stats
2022-08-08 13:49:49,913 DEBUG   HandlerThread:17272 [handler.py:handle_request():140] handle_request: stop_status
2022-08-08 13:49:49,914 DEBUG   SenderThread:17272 [sender.py:send_request():250] send_request: stop_status
2022-08-08 13:50:05,114 DEBUG   HandlerThread:17272 [handler.py:handle_request():140] handle_request: stop_status
2022-08-08 13:50:05,115 DEBUG   SenderThread:17272 [sender.py:send_request():250] send_request: stop_status
2022-08-08 13:50:20,279 DEBUG   HandlerThread:17272 [handler.py:handle_request():140] handle_request: stop_status
2022-08-08 13:50:20,281 DEBUG   SenderThread:17272 [sender.py:send_request():250] send_request: stop_status
2022-08-08 13:50:21,019 DEBUG   SenderThread:17272 [sender.py:send():236] send: stats
2022-08-08 13:50:35,452 DEBUG   HandlerThread:17272 [handler.py:handle_request():140] handle_request: stop_status
2022-08-08 13:50:35,453 DEBUG   SenderThread:17272 [sender.py:send_request():250] send_request: stop_status
2022-08-08 13:50:50,587 DEBUG   HandlerThread:17272 [handler.py:handle_request():140] handle_request: stop_status
2022-08-08 13:50:50,589 DEBUG   SenderThread:17272 [sender.py:send_request():250] send_request: stop_status
2022-08-08 13:50:56,787 DEBUG   SenderThread:17272 [sender.py:send():236] send: stats
2022-08-08 13:51:05,761 DEBUG   HandlerThread:17272 [handler.py:handle_request():140] handle_request: stop_status
2022-08-08 13:51:05,761 DEBUG   SenderThread:17272 [sender.py:send_request():250] send_request: stop_status
2022-08-08 13:51:20,969 DEBUG   HandlerThread:17272 [handler.py:handle_request():140] handle_request: stop_status
2022-08-08 13:51:20,970 DEBUG   SenderThread:17272 [sender.py:send_request():250] send_request: stop_status
2022-08-08 13:51:32,403 DEBUG   SenderThread:17272 [sender.py:send():236] send: stats
2022-08-08 13:51:36,133 DEBUG   HandlerThread:17272 [handler.py:handle_request():140] handle_request: stop_status
2022-08-08 13:51:36,135 DEBUG   SenderThread:17272 [sender.py:send_request():250] send_request: stop_status
2022-08-08 13:51:51,312 DEBUG   HandlerThread:17272 [handler.py:handle_request():140] handle_request: stop_status
2022-08-08 13:51:51,312 DEBUG   SenderThread:17272 [sender.py:send_request():250] send_request: stop_status
2022-08-08 13:52:06,426 DEBUG   HandlerThread:17272 [handler.py:handle_request():140] handle_request: stop_status
2022-08-08 13:52:06,426 DEBUG   SenderThread:17272 [sender.py:send_request():250] send_request: stop_status
2022-08-08 13:52:07,930 DEBUG   SenderThread:17272 [sender.py:send():236] send: stats
2022-08-08 13:52:21,595 DEBUG   HandlerThread:17272 [handler.py:handle_request():140] handle_request: stop_status
2022-08-08 13:52:21,597 DEBUG   SenderThread:17272 [sender.py:send_request():250] send_request: stop_status
2022-08-08 13:52:36,810 DEBUG   HandlerThread:17272 [handler.py:handle_request():140] handle_request: stop_status
2022-08-08 13:52:36,810 DEBUG   SenderThread:17272 [sender.py:send_request():250] send_request: stop_status
2022-08-08 13:52:43,612 DEBUG   SenderThread:17272 [sender.py:send():236] send: stats
2022-08-08 13:52:51,998 DEBUG   HandlerThread:17272 [handler.py:handle_request():140] handle_request: stop_status
2022-08-08 13:52:52,000 DEBUG   SenderThread:17272 [sender.py:send_request():250] send_request: stop_status
2022-08-08 13:53:07,186 DEBUG   HandlerThread:17272 [handler.py:handle_request():140] handle_request: stop_status
2022-08-08 13:53:07,187 DEBUG   SenderThread:17272 [sender.py:send_request():250] send_request: stop_status
2022-08-08 13:53:19,178 DEBUG   SenderThread:17272 [sender.py:send():236] send: stats
2022-08-08 13:53:22,327 DEBUG   HandlerThread:17272 [handler.py:handle_request():140] handle_request: stop_status
2022-08-08 13:53:22,329 DEBUG   SenderThread:17272 [sender.py:send_request():250] send_request: stop_status
2022-08-08 13:53:38,698 DEBUG   HandlerThread:17272 [handler.py:handle_request():140] handle_request: stop_status
2022-08-08 13:53:38,699 DEBUG   SenderThread:17272 [sender.py:send_request():250] send_request: stop_status
2022-08-08 13:53:53,867 DEBUG   HandlerThread:17272 [handler.py:handle_request():140] handle_request: stop_status
2022-08-08 13:53:53,869 DEBUG   SenderThread:17272 [sender.py:send_request():250] send_request: stop_status
2022-08-08 13:53:54,808 DEBUG   SenderThread:17272 [sender.py:send():236] send: stats
2022-08-08 13:54:09,045 DEBUG   HandlerThread:17272 [handler.py:handle_request():140] handle_request: stop_status
2022-08-08 13:54:09,046 DEBUG   SenderThread:17272 [sender.py:send_request():250] send_request: stop_status
2022-08-08 13:54:24,187 DEBUG   HandlerThread:17272 [handler.py:handle_request():140] handle_request: stop_status
2022-08-08 13:54:24,188 DEBUG   SenderThread:17272 [sender.py:send_request():250] send_request: stop_status
2022-08-08 13:54:30,466 DEBUG   SenderThread:17272 [sender.py:send():236] send: stats
2022-08-08 13:54:39,370 DEBUG   HandlerThread:17272 [handler.py:handle_request():140] handle_request: stop_status
2022-08-08 13:54:39,371 DEBUG   SenderThread:17272 [sender.py:send_request():250] send_request: stop_status
2022-08-08 13:54:54,542 DEBUG   HandlerThread:17272 [handler.py:handle_request():140] handle_request: stop_status
2022-08-08 13:54:54,544 DEBUG   SenderThread:17272 [sender.py:send_request():250] send_request: stop_status
2022-08-08 13:55:06,238 DEBUG   SenderThread:17272 [sender.py:send():236] send: stats
2022-08-08 13:55:09,735 DEBUG   HandlerThread:17272 [handler.py:handle_request():140] handle_request: stop_status
2022-08-08 13:55:09,736 DEBUG   SenderThread:17272 [sender.py:send_request():250] send_request: stop_status
2022-08-08 13:55:24,904 DEBUG   HandlerThread:17272 [handler.py:handle_request():140] handle_request: stop_status
2022-08-08 13:55:24,905 DEBUG   SenderThread:17272 [sender.py:send_request():250] send_request: stop_status
2022-08-08 13:55:40,108 DEBUG   HandlerThread:17272 [handler.py:handle_request():140] handle_request: stop_status
2022-08-08 13:55:40,111 DEBUG   SenderThread:17272 [sender.py:send_request():250] send_request: stop_status
2022-08-08 13:55:41,545 DEBUG   SenderThread:17272 [sender.py:send():236] send: stats
2022-08-08 13:55:55,296 DEBUG   HandlerThread:17272 [handler.py:handle_request():140] handle_request: stop_status
2022-08-08 13:55:55,298 DEBUG   SenderThread:17272 [sender.py:send_request():250] send_request: stop_status
2022-08-08 13:56:10,438 DEBUG   HandlerThread:17272 [handler.py:handle_request():140] handle_request: stop_status
2022-08-08 13:56:10,440 DEBUG   SenderThread:17272 [sender.py:send_request():250] send_request: stop_status
2022-08-08 13:56:16,936 DEBUG   SenderThread:17272 [sender.py:send():236] send: stats
2022-08-08 13:56:25,627 DEBUG   HandlerThread:17272 [handler.py:handle_request():140] handle_request: stop_status
2022-08-08 13:56:25,627 DEBUG   SenderThread:17272 [sender.py:send_request():250] send_request: stop_status
2022-08-08 13:56:40,801 DEBUG   HandlerThread:17272 [handler.py:handle_request():140] handle_request: stop_status
2022-08-08 13:56:40,801 DEBUG   SenderThread:17272 [sender.py:send_request():250] send_request: stop_status
2022-08-08 13:56:52,628 DEBUG   SenderThread:17272 [sender.py:send():236] send: stats
2022-08-08 13:56:55,918 DEBUG   HandlerThread:17272 [handler.py:handle_request():140] handle_request: stop_status
2022-08-08 13:56:55,918 DEBUG   SenderThread:17272 [sender.py:send_request():250] send_request: stop_status
2022-08-08 13:57:11,118 DEBUG   HandlerThread:17272 [handler.py:handle_request():140] handle_request: stop_status
2022-08-08 13:57:11,120 DEBUG   SenderThread:17272 [sender.py:send_request():250] send_request: stop_status
2022-08-08 13:57:26,337 DEBUG   HandlerThread:17272 [handler.py:handle_request():140] handle_request: stop_status
2022-08-08 13:57:26,337 DEBUG   SenderThread:17272 [sender.py:send_request():250] send_request: stop_status
2022-08-08 13:57:28,276 DEBUG   SenderThread:17272 [sender.py:send():236] send: stats
2022-08-08 13:57:41,527 DEBUG   HandlerThread:17272 [handler.py:handle_request():140] handle_request: stop_status
2022-08-08 13:57:41,528 DEBUG   SenderThread:17272 [sender.py:send_request():250] send_request: stop_status
2022-08-08 13:57:56,686 DEBUG   HandlerThread:17272 [handler.py:handle_request():140] handle_request: stop_status
2022-08-08 13:57:56,686 DEBUG   SenderThread:17272 [sender.py:send_request():250] send_request: stop_status
2022-08-08 13:58:04,170 DEBUG   SenderThread:17272 [sender.py:send():236] send: stats
2022-08-08 13:58:11,849 DEBUG   HandlerThread:17272 [handler.py:handle_request():140] handle_request: stop_status
2022-08-08 13:58:11,849 DEBUG   SenderThread:17272 [sender.py:send_request():250] send_request: stop_status
2022-08-08 13:58:27,054 DEBUG   HandlerThread:17272 [handler.py:handle_request():140] handle_request: stop_status
2022-08-08 13:58:27,055 DEBUG   SenderThread:17272 [sender.py:send_request():250] send_request: stop_status
2022-08-08 13:58:40,220 DEBUG   SenderThread:17272 [sender.py:send():236] send: stats
2022-08-08 13:58:42,248 DEBUG   HandlerThread:17272 [handler.py:handle_request():140] handle_request: stop_status
2022-08-08 13:58:42,248 DEBUG   SenderThread:17272 [sender.py:send_request():250] send_request: stop_status
2022-08-08 13:58:57,412 DEBUG   HandlerThread:17272 [handler.py:handle_request():140] handle_request: stop_status
2022-08-08 13:58:57,413 DEBUG   SenderThread:17272 [sender.py:send_request():250] send_request: stop_status
2022-08-08 13:59:13,456 DEBUG   HandlerThread:17272 [handler.py:handle_request():140] handle_request: stop_status
2022-08-08 13:59:13,456 DEBUG   SenderThread:17272 [sender.py:send_request():250] send_request: stop_status
2022-08-08 13:59:16,080 DEBUG   SenderThread:17272 [sender.py:send():236] send: stats
2022-08-08 13:59:28,630 DEBUG   HandlerThread:17272 [handler.py:handle_request():140] handle_request: stop_status
2022-08-08 13:59:28,630 DEBUG   SenderThread:17272 [sender.py:send_request():250] send_request: stop_status
2022-08-08 13:59:43,811 DEBUG   HandlerThread:17272 [handler.py:handle_request():140] handle_request: stop_status
2022-08-08 13:59:43,811 DEBUG   SenderThread:17272 [sender.py:send_request():250] send_request: stop_status
2022-08-08 13:59:52,060 DEBUG   SenderThread:17272 [sender.py:send():236] send: stats
2022-08-08 13:59:58,988 DEBUG   HandlerThread:17272 [handler.py:handle_request():140] handle_request: stop_status
2022-08-08 13:59:58,988 DEBUG   SenderThread:17272 [sender.py:send_request():250] send_request: stop_status
2022-08-08 14:00:14,157 DEBUG   HandlerThread:17272 [handler.py:handle_request():140] handle_request: stop_status
2022-08-08 14:00:14,159 DEBUG   SenderThread:17272 [sender.py:send_request():250] send_request: stop_status
2022-08-08 14:00:27,685 DEBUG   SenderThread:17272 [sender.py:send():236] send: stats
2022-08-08 14:00:29,347 DEBUG   HandlerThread:17272 [handler.py:handle_request():140] handle_request: stop_status
2022-08-08 14:00:29,347 DEBUG   SenderThread:17272 [sender.py:send_request():250] send_request: stop_status
2022-08-08 14:00:44,694 DEBUG   HandlerThread:17272 [handler.py:handle_request():140] handle_request: stop_status
2022-08-08 14:00:44,695 DEBUG   SenderThread:17272 [sender.py:send_request():250] send_request: stop_status
2022-08-08 14:00:59,875 DEBUG   HandlerThread:17272 [handler.py:handle_request():140] handle_request: stop_status
2022-08-08 14:00:59,875 DEBUG   SenderThread:17272 [sender.py:send_request():250] send_request: stop_status
2022-08-08 14:01:03,220 DEBUG   SenderThread:17272 [sender.py:send():236] send: stats
2022-08-08 14:01:15,089 DEBUG   HandlerThread:17272 [handler.py:handle_request():140] handle_request: stop_status
2022-08-08 14:01:15,089 DEBUG   SenderThread:17272 [sender.py:send_request():250] send_request: stop_status
2022-08-08 14:01:30,197 DEBUG   HandlerThread:17272 [handler.py:handle_request():140] handle_request: stop_status
2022-08-08 14:01:30,197 DEBUG   SenderThread:17272 [sender.py:send_request():250] send_request: stop_status
2022-08-08 14:01:38,862 DEBUG   SenderThread:17272 [sender.py:send():236] send: stats
2022-08-08 14:01:45,384 DEBUG   HandlerThread:17272 [handler.py:handle_request():140] handle_request: stop_status
2022-08-08 14:01:45,384 DEBUG   SenderThread:17272 [sender.py:send_request():250] send_request: stop_status
2022-08-08 14:02:00,539 DEBUG   HandlerThread:17272 [handler.py:handle_request():140] handle_request: stop_status
2022-08-08 14:02:00,539 DEBUG   SenderThread:17272 [sender.py:send_request():250] send_request: stop_status
2022-08-08 14:02:14,491 DEBUG   SenderThread:17272 [sender.py:send():236] send: stats
2022-08-08 14:02:15,705 DEBUG   HandlerThread:17272 [handler.py:handle_request():140] handle_request: stop_status
2022-08-08 14:02:15,705 DEBUG   SenderThread:17272 [sender.py:send_request():250] send_request: stop_status
2022-08-08 14:02:30,874 DEBUG   HandlerThread:17272 [handler.py:handle_request():140] handle_request: stop_status
2022-08-08 14:02:30,876 DEBUG   SenderThread:17272 [sender.py:send_request():250] send_request: stop_status
2022-08-08 14:02:46,034 DEBUG   HandlerThread:17272 [handler.py:handle_request():140] handle_request: stop_status
2022-08-08 14:02:46,034 DEBUG   SenderThread:17272 [sender.py:send_request():250] send_request: stop_status
2022-08-08 14:02:50,198 DEBUG   SenderThread:17272 [sender.py:send():236] send: stats
2022-08-08 14:03:01,201 DEBUG   HandlerThread:17272 [handler.py:handle_request():140] handle_request: stop_status
2022-08-08 14:03:01,202 DEBUG   SenderThread:17272 [sender.py:send_request():250] send_request: stop_status
2022-08-08 14:03:16,369 DEBUG   HandlerThread:17272 [handler.py:handle_request():140] handle_request: stop_status
2022-08-08 14:03:16,370 DEBUG   SenderThread:17272 [sender.py:send_request():250] send_request: stop_status
2022-08-08 14:03:25,636 DEBUG   SenderThread:17272 [sender.py:send():236] send: stats
2022-08-08 14:03:31,512 DEBUG   HandlerThread:17272 [handler.py:handle_request():140] handle_request: stop_status
2022-08-08 14:03:31,512 DEBUG   SenderThread:17272 [sender.py:send_request():250] send_request: stop_status
2022-08-08 14:03:46,776 DEBUG   HandlerThread:17272 [handler.py:handle_request():140] handle_request: stop_status
2022-08-08 14:03:46,776 DEBUG   SenderThread:17272 [sender.py:send_request():250] send_request: stop_status
2022-08-08 14:04:00,990 DEBUG   SenderThread:17272 [sender.py:send():236] send: stats
2022-08-08 14:04:01,907 DEBUG   HandlerThread:17272 [handler.py:handle_request():140] handle_request: stop_status
2022-08-08 14:04:01,908 DEBUG   SenderThread:17272 [sender.py:send_request():250] send_request: stop_status
2022-08-08 14:04:17,090 DEBUG   HandlerThread:17272 [handler.py:handle_request():140] handle_request: stop_status
2022-08-08 14:04:17,091 DEBUG   SenderThread:17272 [sender.py:send_request():250] send_request: stop_status
2022-08-08 14:04:32,269 DEBUG   HandlerThread:17272 [handler.py:handle_request():140] handle_request: stop_status
2022-08-08 14:04:32,270 DEBUG   SenderThread:17272 [sender.py:send_request():250] send_request: stop_status
2022-08-08 14:04:36,407 DEBUG   SenderThread:17272 [sender.py:send():236] send: stats
2022-08-08 14:04:47,456 DEBUG   HandlerThread:17272 [handler.py:handle_request():140] handle_request: stop_status
2022-08-08 14:04:47,457 DEBUG   SenderThread:17272 [sender.py:send_request():250] send_request: stop_status
2022-08-08 14:05:02,615 DEBUG   HandlerThread:17272 [handler.py:handle_request():140] handle_request: stop_status
2022-08-08 14:05:02,616 DEBUG   SenderThread:17272 [sender.py:send_request():250] send_request: stop_status
2022-08-08 14:05:11,773 DEBUG   SenderThread:17272 [sender.py:send():236] send: stats
2022-08-08 14:05:17,815 DEBUG   HandlerThread:17272 [handler.py:handle_request():140] handle_request: stop_status
2022-08-08 14:05:17,816 DEBUG   SenderThread:17272 [sender.py:send_request():250] send_request: stop_status
2022-08-08 14:05:33,024 DEBUG   HandlerThread:17272 [handler.py:handle_request():140] handle_request: stop_status
2022-08-08 14:05:33,025 DEBUG   SenderThread:17272 [sender.py:send_request():250] send_request: stop_status
2022-08-08 14:05:47,175 DEBUG   SenderThread:17272 [sender.py:send():236] send: stats
2022-08-08 14:05:48,179 DEBUG   HandlerThread:17272 [handler.py:handle_request():140] handle_request: stop_status
2022-08-08 14:05:48,181 DEBUG   SenderThread:17272 [sender.py:send_request():250] send_request: stop_status
2022-08-08 14:06:03,398 DEBUG   HandlerThread:17272 [handler.py:handle_request():140] handle_request: stop_status
2022-08-08 14:06:03,399 DEBUG   SenderThread:17272 [sender.py:send_request():250] send_request: stop_status
2022-08-08 14:06:18,614 DEBUG   HandlerThread:17272 [handler.py:handle_request():140] handle_request: stop_status
2022-08-08 14:06:18,615 DEBUG   SenderThread:17272 [sender.py:send_request():250] send_request: stop_status
2022-08-08 14:06:22,792 DEBUG   SenderThread:17272 [sender.py:send():236] send: stats
2022-08-08 14:06:33,825 DEBUG   HandlerThread:17272 [handler.py:handle_request():140] handle_request: stop_status
2022-08-08 14:06:33,827 DEBUG   SenderThread:17272 [sender.py:send_request():250] send_request: stop_status
2022-08-08 14:06:48,985 DEBUG   HandlerThread:17272 [handler.py:handle_request():140] handle_request: stop_status
2022-08-08 14:06:48,985 DEBUG   SenderThread:17272 [sender.py:send_request():250] send_request: stop_status
2022-08-08 14:06:58,367 DEBUG   SenderThread:17272 [sender.py:send():236] send: stats
2022-08-08 14:07:04,118 DEBUG   HandlerThread:17272 [handler.py:handle_request():140] handle_request: stop_status
2022-08-08 14:07:04,119 DEBUG   SenderThread:17272 [sender.py:send_request():250] send_request: stop_status
2022-08-08 14:07:19,282 DEBUG   HandlerThread:17272 [handler.py:handle_request():140] handle_request: stop_status
2022-08-08 14:07:19,283 DEBUG   SenderThread:17272 [sender.py:send_request():250] send_request: stop_status
2022-08-08 14:07:34,063 DEBUG   SenderThread:17272 [sender.py:send():236] send: stats
2022-08-08 14:07:34,443 DEBUG   HandlerThread:17272 [handler.py:handle_request():140] handle_request: stop_status
2022-08-08 14:07:34,444 DEBUG   SenderThread:17272 [sender.py:send_request():250] send_request: stop_status
2022-08-08 14:07:49,615 DEBUG   HandlerThread:17272 [handler.py:handle_request():140] handle_request: stop_status
2022-08-08 14:07:49,616 DEBUG   SenderThread:17272 [sender.py:send_request():250] send_request: stop_status
2022-08-08 14:08:04,795 DEBUG   HandlerThread:17272 [handler.py:handle_request():140] handle_request: stop_status
2022-08-08 14:08:04,796 DEBUG   SenderThread:17272 [sender.py:send_request():250] send_request: stop_status
2022-08-08 14:08:09,527 DEBUG   SenderThread:17272 [sender.py:send():236] send: stats
2022-08-08 14:08:20,003 DEBUG   HandlerThread:17272 [handler.py:handle_request():140] handle_request: stop_status
2022-08-08 14:08:20,005 DEBUG   SenderThread:17272 [sender.py:send_request():250] send_request: stop_status
2022-08-08 14:08:35,208 DEBUG   HandlerThread:17272 [handler.py:handle_request():140] handle_request: stop_status
2022-08-08 14:08:35,210 DEBUG   SenderThread:17272 [sender.py:send_request():250] send_request: stop_status
2022-08-08 14:08:45,221 DEBUG   SenderThread:17272 [sender.py:send():236] send: stats
2022-08-08 14:08:50,398 DEBUG   HandlerThread:17272 [handler.py:handle_request():140] handle_request: stop_status
2022-08-08 14:08:50,398 DEBUG   SenderThread:17272 [sender.py:send_request():250] send_request: stop_status
2022-08-08 14:09:05,579 DEBUG   HandlerThread:17272 [handler.py:handle_request():140] handle_request: stop_status
2022-08-08 14:09:05,580 DEBUG   SenderThread:17272 [sender.py:send_request():250] send_request: stop_status
2022-08-08 14:09:20,781 DEBUG   HandlerThread:17272 [handler.py:handle_request():140] handle_request: stop_status
2022-08-08 14:09:20,782 DEBUG   SenderThread:17272 [sender.py:send_request():250] send_request: stop_status
2022-08-08 14:09:20,894 DEBUG   SenderThread:17272 [sender.py:send():236] send: stats
2022-08-08 14:09:35,902 DEBUG   HandlerThread:17272 [handler.py:handle_request():140] handle_request: stop_status
2022-08-08 14:09:35,904 DEBUG   SenderThread:17272 [sender.py:send_request():250] send_request: stop_status
2022-08-08 14:09:51,085 DEBUG   HandlerThread:17272 [handler.py:handle_request():140] handle_request: stop_status
2022-08-08 14:09:51,087 DEBUG   SenderThread:17272 [sender.py:send_request():250] send_request: stop_status
2022-08-08 14:09:56,695 DEBUG   SenderThread:17272 [sender.py:send():236] send: stats
2022-08-08 14:10:06,252 DEBUG   HandlerThread:17272 [handler.py:handle_request():140] handle_request: stop_status
2022-08-08 14:10:06,253 DEBUG   SenderThread:17272 [sender.py:send_request():250] send_request: stop_status
2022-08-08 14:10:21,378 DEBUG   HandlerThread:17272 [handler.py:handle_request():140] handle_request: stop_status
2022-08-08 14:10:21,378 DEBUG   SenderThread:17272 [sender.py:send_request():250] send_request: stop_status
2022-08-08 14:10:32,083 DEBUG   SenderThread:17272 [sender.py:send():236] send: stats
2022-08-08 14:10:36,559 DEBUG   HandlerThread:17272 [handler.py:handle_request():140] handle_request: stop_status
2022-08-08 14:10:36,560 DEBUG   SenderThread:17272 [sender.py:send_request():250] send_request: stop_status
2022-08-08 14:10:51,688 DEBUG   HandlerThread:17272 [handler.py:handle_request():140] handle_request: stop_status
2022-08-08 14:10:51,690 DEBUG   SenderThread:17272 [sender.py:send_request():250] send_request: stop_status
2022-08-08 14:11:06,879 DEBUG   HandlerThread:17272 [handler.py:handle_request():140] handle_request: stop_status
2022-08-08 14:11:06,880 DEBUG   SenderThread:17272 [sender.py:send_request():250] send_request: stop_status
2022-08-08 14:11:07,760 DEBUG   SenderThread:17272 [sender.py:send():236] send: stats
2022-08-08 14:11:22,048 DEBUG   HandlerThread:17272 [handler.py:handle_request():140] handle_request: stop_status
2022-08-08 14:11:22,049 DEBUG   SenderThread:17272 [sender.py:send_request():250] send_request: stop_status
2022-08-08 14:11:37,185 DEBUG   HandlerThread:17272 [handler.py:handle_request():140] handle_request: stop_status
2022-08-08 14:11:37,186 DEBUG   SenderThread:17272 [sender.py:send_request():250] send_request: stop_status
2022-08-08 14:11:43,017 DEBUG   SenderThread:17272 [sender.py:send():236] send: stats
2022-08-08 14:11:52,375 DEBUG   HandlerThread:17272 [handler.py:handle_request():140] handle_request: stop_status
2022-08-08 14:11:52,375 DEBUG   SenderThread:17272 [sender.py:send_request():250] send_request: stop_status
2022-08-08 14:12:07,494 DEBUG   HandlerThread:17272 [handler.py:handle_request():140] handle_request: stop_status
2022-08-08 14:12:07,495 DEBUG   SenderThread:17272 [sender.py:send_request():250] send_request: stop_status
2022-08-08 14:12:18,199 DEBUG   SenderThread:17272 [sender.py:send():236] send: stats
2022-08-08 14:12:22,699 DEBUG   HandlerThread:17272 [handler.py:handle_request():140] handle_request: stop_status
2022-08-08 14:12:22,700 DEBUG   SenderThread:17272 [sender.py:send_request():250] send_request: stop_status
2022-08-08 14:12:37,856 DEBUG   HandlerThread:17272 [handler.py:handle_request():140] handle_request: stop_status
2022-08-08 14:12:37,857 DEBUG   SenderThread:17272 [sender.py:send_request():250] send_request: stop_status
2022-08-08 14:12:53,266 DEBUG   HandlerThread:17272 [handler.py:handle_request():140] handle_request: stop_status
2022-08-08 14:12:53,266 DEBUG   SenderThread:17272 [sender.py:send_request():250] send_request: stop_status
2022-08-08 14:12:53,719 DEBUG   SenderThread:17272 [sender.py:send():236] send: stats
2022-08-08 14:13:08,439 DEBUG   HandlerThread:17272 [handler.py:handle_request():140] handle_request: stop_status
2022-08-08 14:13:08,439 DEBUG   SenderThread:17272 [sender.py:send_request():250] send_request: stop_status
2022-08-08 14:13:23,579 DEBUG   HandlerThread:17272 [handler.py:handle_request():140] handle_request: stop_status
2022-08-08 14:13:23,581 DEBUG   SenderThread:17272 [sender.py:send_request():250] send_request: stop_status
2022-08-08 14:13:28,895 DEBUG   SenderThread:17272 [sender.py:send():236] send: stats
2022-08-08 14:13:38,760 DEBUG   HandlerThread:17272 [handler.py:handle_request():140] handle_request: stop_status
2022-08-08 14:13:38,760 DEBUG   SenderThread:17272 [sender.py:send_request():250] send_request: stop_status
2022-08-08 14:13:53,887 DEBUG   HandlerThread:17272 [handler.py:handle_request():140] handle_request: stop_status
2022-08-08 14:13:53,888 DEBUG   SenderThread:17272 [sender.py:send_request():250] send_request: stop_status
2022-08-08 14:14:04,329 DEBUG   SenderThread:17272 [sender.py:send():236] send: stats
2022-08-08 14:14:09,044 DEBUG   HandlerThread:17272 [handler.py:handle_request():140] handle_request: stop_status
2022-08-08 14:14:09,047 DEBUG   SenderThread:17272 [sender.py:send_request():250] send_request: stop_status
2022-08-08 14:14:24,152 DEBUG   HandlerThread:17272 [handler.py:handle_request():140] handle_request: stop_status
2022-08-08 14:14:24,153 DEBUG   SenderThread:17272 [sender.py:send_request():250] send_request: stop_status
2022-08-08 14:14:39,302 DEBUG   HandlerThread:17272 [handler.py:handle_request():140] handle_request: stop_status
2022-08-08 14:14:39,303 DEBUG   SenderThread:17272 [sender.py:send_request():250] send_request: stop_status
2022-08-08 14:14:39,598 DEBUG   SenderThread:17272 [sender.py:send():236] send: stats
2022-08-08 14:14:54,475 DEBUG   HandlerThread:17272 [handler.py:handle_request():140] handle_request: stop_status
2022-08-08 14:14:54,475 DEBUG   SenderThread:17272 [sender.py:send_request():250] send_request: stop_status
2022-08-08 14:15:09,642 DEBUG   HandlerThread:17272 [handler.py:handle_request():140] handle_request: stop_status
2022-08-08 14:15:09,644 DEBUG   SenderThread:17272 [sender.py:send_request():250] send_request: stop_status
2022-08-08 14:15:15,299 DEBUG   SenderThread:17272 [sender.py:send():236] send: stats
2022-08-08 14:15:24,823 DEBUG   HandlerThread:17272 [handler.py:handle_request():140] handle_request: stop_status
2022-08-08 14:15:24,823 DEBUG   SenderThread:17272 [sender.py:send_request():250] send_request: stop_status
2022-08-08 14:15:39,934 DEBUG   HandlerThread:17272 [handler.py:handle_request():140] handle_request: stop_status
2022-08-08 14:15:39,936 DEBUG   SenderThread:17272 [sender.py:send_request():250] send_request: stop_status
2022-08-08 14:15:50,886 DEBUG   SenderThread:17272 [sender.py:send():236] send: stats
2022-08-08 14:15:55,093 DEBUG   HandlerThread:17272 [handler.py:handle_request():140] handle_request: stop_status
2022-08-08 14:15:55,095 DEBUG   SenderThread:17272 [sender.py:send_request():250] send_request: stop_status
2022-08-08 14:16:10,286 DEBUG   HandlerThread:17272 [handler.py:handle_request():140] handle_request: stop_status
2022-08-08 14:16:10,287 DEBUG   SenderThread:17272 [sender.py:send_request():250] send_request: stop_status
2022-08-08 14:16:25,445 DEBUG   HandlerThread:17272 [handler.py:handle_request():140] handle_request: stop_status
2022-08-08 14:16:25,446 DEBUG   SenderThread:17272 [sender.py:send_request():250] send_request: stop_status
2022-08-08 14:16:26,380 DEBUG   SenderThread:17272 [sender.py:send():236] send: stats
2022-08-08 14:16:40,633 DEBUG   HandlerThread:17272 [handler.py:handle_request():140] handle_request: stop_status
2022-08-08 14:16:40,634 DEBUG   SenderThread:17272 [sender.py:send_request():250] send_request: stop_status
2022-08-08 14:16:55,791 DEBUG   HandlerThread:17272 [handler.py:handle_request():140] handle_request: stop_status
2022-08-08 14:16:55,792 DEBUG   SenderThread:17272 [sender.py:send_request():250] send_request: stop_status
2022-08-08 14:17:01,822 DEBUG   SenderThread:17272 [sender.py:send():236] send: stats
2022-08-08 14:17:10,970 DEBUG   HandlerThread:17272 [handler.py:handle_request():140] handle_request: stop_status
2022-08-08 14:17:10,971 DEBUG   SenderThread:17272 [sender.py:send_request():250] send_request: stop_status
2022-08-08 14:17:26,139 DEBUG   HandlerThread:17272 [handler.py:handle_request():140] handle_request: stop_status
2022-08-08 14:17:26,140 DEBUG   SenderThread:17272 [sender.py:send_request():250] send_request: stop_status
2022-08-08 14:17:37,500 DEBUG   SenderThread:17272 [sender.py:send():236] send: stats
2022-08-08 14:17:41,305 DEBUG   HandlerThread:17272 [handler.py:handle_request():140] handle_request: stop_status
2022-08-08 14:17:41,306 DEBUG   SenderThread:17272 [sender.py:send_request():250] send_request: stop_status
2022-08-08 14:17:56,489 DEBUG   HandlerThread:17272 [handler.py:handle_request():140] handle_request: stop_status
2022-08-08 14:17:56,491 DEBUG   SenderThread:17272 [sender.py:send_request():250] send_request: stop_status
2022-08-08 14:18:11,611 DEBUG   HandlerThread:17272 [handler.py:handle_request():140] handle_request: stop_status
2022-08-08 14:18:11,613 DEBUG   SenderThread:17272 [sender.py:send_request():250] send_request: stop_status
2022-08-08 14:18:13,004 DEBUG   SenderThread:17272 [sender.py:send():236] send: stats
2022-08-08 14:18:26,790 DEBUG   HandlerThread:17272 [handler.py:handle_request():140] handle_request: stop_status
2022-08-08 14:18:26,790 DEBUG   SenderThread:17272 [sender.py:send_request():250] send_request: stop_status
2022-08-08 14:18:41,968 DEBUG   HandlerThread:17272 [handler.py:handle_request():140] handle_request: stop_status
2022-08-08 14:18:41,969 DEBUG   SenderThread:17272 [sender.py:send_request():250] send_request: stop_status
2022-08-08 14:18:48,896 DEBUG   SenderThread:17272 [sender.py:send():236] send: stats
2022-08-08 14:18:57,112 DEBUG   HandlerThread:17272 [handler.py:handle_request():140] handle_request: stop_status
2022-08-08 14:18:57,113 DEBUG   SenderThread:17272 [sender.py:send_request():250] send_request: stop_status
2022-08-08 14:19:12,289 DEBUG   HandlerThread:17272 [handler.py:handle_request():140] handle_request: stop_status
2022-08-08 14:19:12,291 DEBUG   SenderThread:17272 [sender.py:send_request():250] send_request: stop_status
2022-08-08 14:19:24,500 DEBUG   SenderThread:17272 [sender.py:send():236] send: stats
2022-08-08 14:19:27,444 DEBUG   HandlerThread:17272 [handler.py:handle_request():140] handle_request: stop_status
2022-08-08 14:19:27,445 DEBUG   SenderThread:17272 [sender.py:send_request():250] send_request: stop_status
2022-08-08 14:19:42,625 DEBUG   HandlerThread:17272 [handler.py:handle_request():140] handle_request: stop_status
2022-08-08 14:19:42,627 DEBUG   SenderThread:17272 [sender.py:send_request():250] send_request: stop_status
2022-08-08 14:19:57,805 DEBUG   HandlerThread:17272 [handler.py:handle_request():140] handle_request: stop_status
2022-08-08 14:19:57,807 DEBUG   SenderThread:17272 [sender.py:send_request():250] send_request: stop_status
2022-08-08 14:20:00,077 DEBUG   SenderThread:17272 [sender.py:send():236] send: stats
2022-08-08 14:20:12,943 DEBUG   HandlerThread:17272 [handler.py:handle_request():140] handle_request: stop_status
2022-08-08 14:20:12,945 DEBUG   SenderThread:17272 [sender.py:send_request():250] send_request: stop_status
2022-08-08 14:20:28,110 DEBUG   HandlerThread:17272 [handler.py:handle_request():140] handle_request: stop_status
2022-08-08 14:20:28,111 DEBUG   SenderThread:17272 [sender.py:send_request():250] send_request: stop_status
2022-08-08 14:20:35,775 DEBUG   SenderThread:17272 [sender.py:send():236] send: stats
2022-08-08 14:20:43,279 DEBUG   HandlerThread:17272 [handler.py:handle_request():140] handle_request: stop_status
2022-08-08 14:20:43,280 DEBUG   SenderThread:17272 [sender.py:send_request():250] send_request: stop_status
2022-08-08 14:20:58,400 DEBUG   HandlerThread:17272 [handler.py:handle_request():140] handle_request: stop_status
2022-08-08 14:20:58,401 DEBUG   SenderThread:17272 [sender.py:send_request():250] send_request: stop_status
2022-08-08 14:21:11,462 DEBUG   SenderThread:17272 [sender.py:send():236] send: stats
2022-08-08 14:21:13,573 DEBUG   HandlerThread:17272 [handler.py:handle_request():140] handle_request: stop_status
2022-08-08 14:21:13,573 DEBUG   SenderThread:17272 [sender.py:send_request():250] send_request: stop_status
2022-08-08 14:21:28,763 DEBUG   HandlerThread:17272 [handler.py:handle_request():140] handle_request: stop_status
2022-08-08 14:21:28,764 DEBUG   SenderThread:17272 [sender.py:send_request():250] send_request: stop_status
2022-08-08 14:21:43,942 DEBUG   HandlerThread:17272 [handler.py:handle_request():140] handle_request: stop_status
2022-08-08 14:21:43,942 DEBUG   SenderThread:17272 [sender.py:send_request():250] send_request: stop_status
2022-08-08 14:21:47,269 DEBUG   SenderThread:17272 [sender.py:send():236] send: stats
2022-08-08 14:21:59,115 DEBUG   HandlerThread:17272 [handler.py:handle_request():140] handle_request: stop_status
2022-08-08 14:21:59,116 DEBUG   SenderThread:17272 [sender.py:send_request():250] send_request: stop_status
2022-08-08 14:22:14,304 DEBUG   HandlerThread:17272 [handler.py:handle_request():140] handle_request: stop_status
2022-08-08 14:22:14,305 DEBUG   SenderThread:17272 [sender.py:send_request():250] send_request: stop_status
2022-08-08 14:22:22,945 DEBUG   SenderThread:17272 [sender.py:send():236] send: stats
2022-08-08 14:22:29,469 DEBUG   HandlerThread:17272 [handler.py:handle_request():140] handle_request: stop_status
2022-08-08 14:22:29,470 DEBUG   SenderThread:17272 [sender.py:send_request():250] send_request: stop_status
2022-08-08 14:22:44,649 DEBUG   HandlerThread:17272 [handler.py:handle_request():140] handle_request: stop_status
2022-08-08 14:22:44,651 DEBUG   SenderThread:17272 [sender.py:send_request():250] send_request: stop_status
2022-08-08 14:22:58,820 DEBUG   SenderThread:17272 [sender.py:send():236] send: stats
2022-08-08 14:22:59,790 DEBUG   HandlerThread:17272 [handler.py:handle_request():140] handle_request: stop_status
2022-08-08 14:22:59,791 DEBUG   SenderThread:17272 [sender.py:send_request():250] send_request: stop_status
2022-08-08 14:23:14,971 DEBUG   HandlerThread:17272 [handler.py:handle_request():140] handle_request: stop_status
2022-08-08 14:23:14,973 DEBUG   SenderThread:17272 [sender.py:send_request():250] send_request: stop_status
2022-08-08 14:23:30,150 DEBUG   HandlerThread:17272 [handler.py:handle_request():140] handle_request: stop_status
2022-08-08 14:23:30,151 DEBUG   SenderThread:17272 [sender.py:send_request():250] send_request: stop_status
2022-08-08 14:23:34,591 DEBUG   SenderThread:17272 [sender.py:send():236] send: stats
2022-08-08 14:23:45,323 DEBUG   HandlerThread:17272 [handler.py:handle_request():140] handle_request: stop_status
2022-08-08 14:23:45,325 DEBUG   SenderThread:17272 [sender.py:send_request():250] send_request: stop_status
2022-08-08 14:24:00,497 DEBUG   HandlerThread:17272 [handler.py:handle_request():140] handle_request: stop_status
2022-08-08 14:24:00,498 DEBUG   SenderThread:17272 [sender.py:send_request():250] send_request: stop_status
2022-08-08 14:24:10,307 DEBUG   SenderThread:17272 [sender.py:send():236] send: stats
2022-08-08 14:24:15,667 DEBUG   HandlerThread:17272 [handler.py:handle_request():140] handle_request: stop_status
2022-08-08 14:24:15,668 DEBUG   SenderThread:17272 [sender.py:send_request():250] send_request: stop_status
2022-08-08 14:24:30,845 DEBUG   HandlerThread:17272 [handler.py:handle_request():140] handle_request: stop_status
2022-08-08 14:24:30,847 DEBUG   SenderThread:17272 [sender.py:send_request():250] send_request: stop_status
2022-08-08 14:24:46,022 DEBUG   HandlerThread:17272 [handler.py:handle_request():140] handle_request: stop_status
2022-08-08 14:24:46,026 DEBUG   SenderThread:17272 [sender.py:send_request():250] send_request: stop_status
2022-08-08 14:24:46,161 DEBUG   SenderThread:17272 [sender.py:send():236] send: stats
2022-08-08 14:25:01,180 DEBUG   HandlerThread:17272 [handler.py:handle_request():140] handle_request: stop_status
2022-08-08 14:25:01,182 DEBUG   SenderThread:17272 [sender.py:send_request():250] send_request: stop_status
2022-08-08 14:25:16,573 DEBUG   HandlerThread:17272 [handler.py:handle_request():140] handle_request: stop_status
2022-08-08 14:25:16,575 DEBUG   SenderThread:17272 [sender.py:send_request():250] send_request: stop_status
2022-08-08 14:25:21,516 DEBUG   SenderThread:17272 [sender.py:send():236] send: stats
2022-08-08 14:25:31,746 DEBUG   HandlerThread:17272 [handler.py:handle_request():140] handle_request: stop_status
2022-08-08 14:25:31,747 DEBUG   SenderThread:17272 [sender.py:send_request():250] send_request: stop_status
2022-08-08 14:25:46,927 DEBUG   HandlerThread:17272 [handler.py:handle_request():140] handle_request: stop_status
2022-08-08 14:25:46,928 DEBUG   SenderThread:17272 [sender.py:send_request():250] send_request: stop_status
2022-08-08 14:25:57,347 DEBUG   SenderThread:17272 [sender.py:send():236] send: stats
2022-08-08 14:26:02,113 DEBUG   HandlerThread:17272 [handler.py:handle_request():140] handle_request: stop_status
2022-08-08 14:26:02,114 DEBUG   SenderThread:17272 [sender.py:send_request():250] send_request: stop_status
2022-08-08 14:26:17,295 DEBUG   HandlerThread:17272 [handler.py:handle_request():140] handle_request: stop_status
2022-08-08 14:26:17,296 DEBUG   SenderThread:17272 [sender.py:send_request():250] send_request: stop_status
2022-08-08 14:26:32,492 DEBUG   HandlerThread:17272 [handler.py:handle_request():140] handle_request: stop_status
2022-08-08 14:26:32,494 DEBUG   SenderThread:17272 [sender.py:send_request():250] send_request: stop_status
2022-08-08 14:26:33,198 DEBUG   SenderThread:17272 [sender.py:send():236] send: stats
2022-08-08 14:26:47,744 DEBUG   HandlerThread:17272 [handler.py:handle_request():140] handle_request: stop_status
2022-08-08 14:26:47,745 DEBUG   SenderThread:17272 [sender.py:send_request():250] send_request: stop_status
2022-08-08 14:27:02,865 DEBUG   HandlerThread:17272 [handler.py:handle_request():140] handle_request: stop_status
2022-08-08 14:27:02,866 DEBUG   SenderThread:17272 [sender.py:send_request():250] send_request: stop_status
2022-08-08 14:27:08,155 DEBUG   SenderThread:17272 [sender.py:send():236] send: stats
2022-08-08 14:27:18,000 DEBUG   HandlerThread:17272 [handler.py:handle_request():140] handle_request: stop_status
2022-08-08 14:27:18,001 DEBUG   SenderThread:17272 [sender.py:send_request():250] send_request: stop_status
2022-08-08 14:27:33,165 DEBUG   HandlerThread:17272 [handler.py:handle_request():140] handle_request: stop_status
2022-08-08 14:27:33,167 DEBUG   SenderThread:17272 [sender.py:send_request():250] send_request: stop_status
2022-08-08 14:27:43,473 DEBUG   SenderThread:17272 [sender.py:send():236] send: stats
2022-08-08 14:27:48,359 DEBUG   HandlerThread:17272 [handler.py:handle_request():140] handle_request: stop_status
2022-08-08 14:27:48,359 DEBUG   SenderThread:17272 [sender.py:send_request():250] send_request: stop_status
2022-08-08 14:28:03,517 DEBUG   HandlerThread:17272 [handler.py:handle_request():140] handle_request: stop_status
2022-08-08 14:28:03,519 DEBUG   SenderThread:17272 [sender.py:send_request():250] send_request: stop_status
2022-08-08 14:28:18,688 DEBUG   HandlerThread:17272 [handler.py:handle_request():140] handle_request: stop_status
2022-08-08 14:28:18,688 DEBUG   SenderThread:17272 [sender.py:send_request():250] send_request: stop_status
2022-08-08 14:28:18,889 DEBUG   SenderThread:17272 [sender.py:send():236] send: stats
2022-08-08 14:28:33,847 DEBUG   HandlerThread:17272 [handler.py:handle_request():140] handle_request: stop_status
2022-08-08 14:28:33,848 DEBUG   SenderThread:17272 [sender.py:send_request():250] send_request: stop_status
2022-08-08 14:28:49,139 DEBUG   HandlerThread:17272 [handler.py:handle_request():140] handle_request: stop_status
2022-08-08 14:28:49,140 DEBUG   SenderThread:17272 [sender.py:send_request():250] send_request: stop_status
2022-08-08 14:28:54,075 DEBUG   SenderThread:17272 [sender.py:send():236] send: stats
2022-08-08 14:29:04,302 DEBUG   HandlerThread:17272 [handler.py:handle_request():140] handle_request: stop_status
2022-08-08 14:29:04,302 DEBUG   SenderThread:17272 [sender.py:send_request():250] send_request: stop_status
2022-08-08 14:29:19,478 DEBUG   HandlerThread:17272 [handler.py:handle_request():140] handle_request: stop_status
2022-08-08 14:29:19,479 DEBUG   SenderThread:17272 [sender.py:send_request():250] send_request: stop_status
2022-08-08 14:29:29,334 DEBUG   SenderThread:17272 [sender.py:send():236] send: stats
2022-08-08 14:29:34,652 DEBUG   HandlerThread:17272 [handler.py:handle_request():140] handle_request: stop_status
2022-08-08 14:29:34,653 DEBUG   SenderThread:17272 [sender.py:send_request():250] send_request: stop_status
2022-08-08 14:29:49,787 DEBUG   HandlerThread:17272 [handler.py:handle_request():140] handle_request: stop_status
2022-08-08 14:29:49,787 DEBUG   SenderThread:17272 [sender.py:send_request():250] send_request: stop_status
2022-08-08 14:30:04,659 DEBUG   SenderThread:17272 [sender.py:send():236] send: stats
2022-08-08 14:30:04,998 DEBUG   HandlerThread:17272 [handler.py:handle_request():140] handle_request: stop_status
2022-08-08 14:30:04,999 DEBUG   SenderThread:17272 [sender.py:send_request():250] send_request: stop_status
2022-08-08 14:30:20,168 DEBUG   HandlerThread:17272 [handler.py:handle_request():140] handle_request: stop_status
2022-08-08 14:30:20,169 DEBUG   SenderThread:17272 [sender.py:send_request():250] send_request: stop_status
2022-08-08 14:30:35,327 DEBUG   HandlerThread:17272 [handler.py:handle_request():140] handle_request: stop_status
2022-08-08 14:30:35,328 DEBUG   SenderThread:17272 [sender.py:send_request():250] send_request: stop_status
2022-08-08 14:30:40,266 DEBUG   SenderThread:17272 [sender.py:send():236] send: stats
2022-08-08 14:30:50,491 DEBUG   HandlerThread:17272 [handler.py:handle_request():140] handle_request: stop_status
2022-08-08 14:30:50,493 DEBUG   SenderThread:17272 [sender.py:send_request():250] send_request: stop_status
2022-08-08 14:31:05,718 DEBUG   HandlerThread:17272 [handler.py:handle_request():140] handle_request: stop_status
2022-08-08 14:31:05,718 DEBUG   SenderThread:17272 [sender.py:send_request():250] send_request: stop_status
2022-08-08 17:31:08,570 WARNING FileStreamThread:17272 [file_stream.py:request_with_retry():589] requests_with_retry encountered retryable exception: HTTPSConnectionPool(host='api.wandb.ai', port=443): Max retries exceeded with url: /files/nicoranabhat/ellipse_fitting/109rhh6v/file_stream (Caused by NewConnectionError('<urllib3.connection.HTTPSConnection object at 0x000001E9264FBAC0>: Failed to establish a new connection: [Errno 11001] getaddrinfo failed')). func: <bound method Session.post of <requests.sessions.Session object at 0x000001E9263E3CA0>>, args: ('https://api.wandb.ai/files/nicoranabhat/ellipse_fitting/109rhh6v/file_stream',), kwargs: {'json': {'complete': False, 'failed': False, 'dropped': 0, 'uploaded': []}}
2022-08-08 17:31:10,671 WARNING FileStreamThread:17272 [file_stream.py:request_with_retry():589] requests_with_retry encountered retryable exception: HTTPSConnectionPool(host='api.wandb.ai', port=443): Max retries exceeded with url: /files/nicoranabhat/ellipse_fitting/109rhh6v/file_stream (Caused by NewConnectionError('<urllib3.connection.HTTPSConnection object at 0x000001E9265288B0>: Failed to establish a new connection: [Errno 11001] getaddrinfo failed')). func: <bound method Session.post of <requests.sessions.Session object at 0x000001E9263E3CA0>>, args: ('https://api.wandb.ai/files/nicoranabhat/ellipse_fitting/109rhh6v/file_stream',), kwargs: {'json': {'complete': False, 'failed': False, 'dropped': 0, 'uploaded': []}}
2022-08-08 17:31:15,644 WARNING FileStreamThread:17272 [file_stream.py:request_with_retry():589] requests_with_retry encountered retryable exception: HTTPSConnectionPool(host='api.wandb.ai', port=443): Max retries exceeded with url: /files/nicoranabhat/ellipse_fitting/109rhh6v/file_stream (Caused by NewConnectionError('<urllib3.connection.HTTPSConnection object at 0x000001E926529FC0>: Failed to establish a new connection: [Errno 11001] getaddrinfo failed')). func: <bound method Session.post of <requests.sessions.Session object at 0x000001E9263E3CA0>>, args: ('https://api.wandb.ai/files/nicoranabhat/ellipse_fitting/109rhh6v/file_stream',), kwargs: {'json': {'complete': False, 'failed': False, 'dropped': 0, 'uploaded': []}}
2022-08-08 17:31:19,123 DEBUG   HandlerThread:17272 [handler.py:handle_request():140] handle_request: stop_status
2022-08-08 17:31:19,123 DEBUG   SenderThread:17272 [sender.py:send_request():250] send_request: stop_status
2022-08-08 17:31:23,343 ERROR   SenderThread:17272 [retry.py:__call__():132] Retry attempt failed:
Traceback (most recent call last):
  File "C:\Users\Nicor\AppData\Local\Programs\Python\Python310\lib\site-packages\urllib3\connection.py", line 174, in _new_conn
    conn = connection.create_connection(
  File "C:\Users\Nicor\AppData\Local\Programs\Python\Python310\lib\site-packages\urllib3\util\connection.py", line 72, in create_connection
    for res in socket.getaddrinfo(host, port, family, socket.SOCK_STREAM):
  File "C:\Users\Nicor\AppData\Local\Programs\Python\Python310\lib\socket.py", line 955, in getaddrinfo
    for res in _socket.getaddrinfo(host, port, family, type, proto, flags):
socket.gaierror: [Errno 11001] getaddrinfo failed

During handling of the above exception, another exception occurred:

Traceback (most recent call last):
  File "C:\Users\Nicor\AppData\Local\Programs\Python\Python310\lib\site-packages\urllib3\connectionpool.py", line 703, in urlopen
    httplib_response = self._make_request(
  File "C:\Users\Nicor\AppData\Local\Programs\Python\Python310\lib\site-packages\urllib3\connectionpool.py", line 386, in _make_request
    self._validate_conn(conn)
  File "C:\Users\Nicor\AppData\Local\Programs\Python\Python310\lib\site-packages\urllib3\connectionpool.py", line 1040, in _validate_conn
    conn.connect()
  File "C:\Users\Nicor\AppData\Local\Programs\Python\Python310\lib\site-packages\urllib3\connection.py", line 358, in connect
    conn = self._new_conn()
  File "C:\Users\Nicor\AppData\Local\Programs\Python\Python310\lib\site-packages\urllib3\connection.py", line 186, in _new_conn
    raise NewConnectionError(
urllib3.exceptions.NewConnectionError: <urllib3.connection.HTTPSConnection object at 0x000001E92652B070>: Failed to establish a new connection: [Errno 11001] getaddrinfo failed

During handling of the above exception, another exception occurred:

Traceback (most recent call last):
  File "C:\Users\Nicor\AppData\Local\Programs\Python\Python310\lib\site-packages\requests\adapters.py", line 440, in send
    resp = conn.urlopen(
  File "C:\Users\Nicor\AppData\Local\Programs\Python\Python310\lib\site-packages\urllib3\connectionpool.py", line 785, in urlopen
    retries = retries.increment(
  File "C:\Users\Nicor\AppData\Local\Programs\Python\Python310\lib\site-packages\urllib3\util\retry.py", line 592, in increment
    raise MaxRetryError(_pool, url, error or ResponseError(cause))
urllib3.exceptions.MaxRetryError: HTTPSConnectionPool(host='api.wandb.ai', port=443): Max retries exceeded with url: /graphql (Caused by NewConnectionError('<urllib3.connection.HTTPSConnection object at 0x000001E92652B070>: Failed to establish a new connection: [Errno 11001] getaddrinfo failed'))

During handling of the above exception, another exception occurred:

Traceback (most recent call last):
  File "C:\Users\Nicor\AppData\Local\Programs\Python\Python310\lib\site-packages\wandb\sdk\lib\retry.py", line 108, in __call__
    result = self._call_fn(*args, **kwargs)
  File "C:\Users\Nicor\AppData\Local\Programs\Python\Python310\lib\site-packages\wandb\sdk\internal\internal_api.py", line 158, in execute
    return self.client.execute(*args, **kwargs)
  File "C:\Users\Nicor\AppData\Local\Programs\Python\Python310\lib\site-packages\wandb\vendor\gql-0.2.0\wandb_gql\client.py", line 52, in execute
    result = self._get_result(document, *args, **kwargs)
  File "C:\Users\Nicor\AppData\Local\Programs\Python\Python310\lib\site-packages\wandb\vendor\gql-0.2.0\wandb_gql\client.py", line 60, in _get_result
    return self.transport.execute(document, *args, **kwargs)
  File "C:\Users\Nicor\AppData\Local\Programs\Python\Python310\lib\site-packages\wandb\vendor\gql-0.2.0\wandb_gql\transport\requests.py", line 38, in execute
    request = requests.post(self.url, **post_args)
  File "C:\Users\Nicor\AppData\Local\Programs\Python\Python310\lib\site-packages\requests\api.py", line 117, in post
    return request('post', url, data=data, json=json, **kwargs)
  File "C:\Users\Nicor\AppData\Local\Programs\Python\Python310\lib\site-packages\requests\api.py", line 61, in request
    return session.request(method=method, url=url, **kwargs)
  File "C:\Users\Nicor\AppData\Local\Programs\Python\Python310\lib\site-packages\requests\sessions.py", line 529, in request
    resp = self.send(prep, **send_kwargs)
  File "C:\Users\Nicor\AppData\Local\Programs\Python\Python310\lib\site-packages\requests\sessions.py", line 645, in send
    r = adapter.send(request, **kwargs)
  File "C:\Users\Nicor\AppData\Local\Programs\Python\Python310\lib\site-packages\requests\adapters.py", line 519, in send
    raise ConnectionError(e, request=request)
requests.exceptions.ConnectionError: HTTPSConnectionPool(host='api.wandb.ai', port=443): Max retries exceeded with url: /graphql (Caused by NewConnectionError('<urllib3.connection.HTTPSConnection object at 0x000001E92652B070>: Failed to establish a new connection: [Errno 11001] getaddrinfo failed'))
2022-08-08 17:31:25,176 WARNING FileStreamThread:17272 [file_stream.py:request_with_retry():589] requests_with_retry encountered retryable exception: HTTPSConnectionPool(host='api.wandb.ai', port=443): Max retries exceeded with url: /files/nicoranabhat/ellipse_fitting/109rhh6v/file_stream (Caused by NewConnectionError('<urllib3.connection.HTTPSConnection object at 0x000001E92652B5B0>: Failed to establish a new connection: [Errno 11001] getaddrinfo failed')). func: <bound method Session.post of <requests.sessions.Session object at 0x000001E9263E3CA0>>, args: ('https://api.wandb.ai/files/nicoranabhat/ellipse_fitting/109rhh6v/file_stream',), kwargs: {'json': {'complete': False, 'failed': False, 'dropped': 0, 'uploaded': []}}
2022-08-08 17:31:39,239 DEBUG   HandlerThread:17272 [handler.py:handle_request():140] handle_request: stop_status
2022-08-08 17:31:39,239 DEBUG   SenderThread:17272 [sender.py:send_request():250] send_request: stop_status
2022-08-08 17:31:45,236 WARNING FileStreamThread:17272 [file_stream.py:request_with_retry():589] requests_with_retry encountered retryable exception: HTTPSConnectionPool(host='api.wandb.ai', port=443): Max retries exceeded with url: /files/nicoranabhat/ellipse_fitting/109rhh6v/file_stream (Caused by NewConnectionError('<urllib3.connection.HTTPSConnection object at 0x000001E92652BE80>: Failed to establish a new connection: [Errno 11001] getaddrinfo failed')). func: <bound method Session.post of <requests.sessions.Session object at 0x000001E9263E3CA0>>, args: ('https://api.wandb.ai/files/nicoranabhat/ellipse_fitting/109rhh6v/file_stream',), kwargs: {'json': {'complete': False, 'failed': False, 'dropped': 0, 'uploaded': []}}
2022-08-08 17:31:54,985 DEBUG   HandlerThread:17272 [handler.py:handle_request():140] handle_request: stop_status
2022-08-08 17:31:54,985 DEBUG   SenderThread:17272 [sender.py:send_request():250] send_request: stop_status
2022-08-08 17:32:10,121 DEBUG   HandlerThread:17272 [handler.py:handle_request():140] handle_request: stop_status
2022-08-08 17:32:10,121 DEBUG   SenderThread:17272 [sender.py:send_request():250] send_request: stop_status
2022-08-08 17:32:18,547 WARNING FileStreamThread:17272 [file_stream.py:request_with_retry():589] requests_with_retry encountered retryable exception: HTTPSConnectionPool(host='api.wandb.ai', port=443): Max retries exceeded with url: /files/nicoranabhat/ellipse_fitting/109rhh6v/file_stream (Caused by NewConnectionError('<urllib3.connection.HTTPSConnection object at 0x000001E926529FC0>: Failed to establish a new connection: [Errno 11001] getaddrinfo failed')). func: <bound method Session.post of <requests.sessions.Session object at 0x000001E9263E3CA0>>, args: ('https://api.wandb.ai/files/nicoranabhat/ellipse_fitting/109rhh6v/file_stream',), kwargs: {'json': {'complete': False, 'failed': False, 'dropped': 0, 'uploaded': []}}
2022-08-08 17:32:25,286 DEBUG   HandlerThread:17272 [handler.py:handle_request():140] handle_request: stop_status
2022-08-08 17:32:25,286 DEBUG   SenderThread:17272 [sender.py:send_request():250] send_request: stop_status
2022-08-08 17:32:40,423 DEBUG   HandlerThread:17272 [handler.py:handle_request():140] handle_request: stop_status
2022-08-08 17:32:40,423 DEBUG   SenderThread:17272 [sender.py:send_request():250] send_request: stop_status
2022-08-09 09:14:52,849 DEBUG   HandlerThread:17272 [handler.py:handle_request():140] handle_request: stop_status
2022-08-09 09:14:52,849 DEBUG   SenderThread:17272 [sender.py:send_request():250] send_request: stop_status
2022-08-09 09:15:07,970 DEBUG   HandlerThread:17272 [handler.py:handle_request():140] handle_request: stop_status
2022-08-09 09:15:07,970 DEBUG   SenderThread:17272 [sender.py:send_request():250] send_request: stop_status
2022-08-09 09:15:23,077 DEBUG   HandlerThread:17272 [handler.py:handle_request():140] handle_request: stop_status
2022-08-09 09:15:23,077 DEBUG   SenderThread:17272 [sender.py:send_request():250] send_request: stop_status
2022-08-09 09:15:38,269 DEBUG   HandlerThread:17272 [handler.py:handle_request():140] handle_request: stop_status
2022-08-09 09:15:38,269 DEBUG   SenderThread:17272 [sender.py:send_request():250] send_request: stop_status
2022-08-09 09:15:53,383 DEBUG   HandlerThread:17272 [handler.py:handle_request():140] handle_request: stop_status
2022-08-09 09:15:53,383 DEBUG   SenderThread:17272 [sender.py:send_request():250] send_request: stop_status
2022-08-09 09:16:08,491 DEBUG   HandlerThread:17272 [handler.py:handle_request():140] handle_request: stop_status
2022-08-09 09:16:08,491 DEBUG   SenderThread:17272 [sender.py:send_request():250] send_request: stop_status
2022-08-09 09:16:23,603 DEBUG   HandlerThread:17272 [handler.py:handle_request():140] handle_request: stop_status
2022-08-09 09:16:23,603 DEBUG   SenderThread:17272 [sender.py:send_request():250] send_request: stop_status
2022-08-09 09:16:38,741 DEBUG   HandlerThread:17272 [handler.py:handle_request():140] handle_request: stop_status
2022-08-09 09:16:38,742 DEBUG   SenderThread:17272 [sender.py:send_request():250] send_request: stop_status
2022-08-09 09:16:53,891 DEBUG   HandlerThread:17272 [handler.py:handle_request():140] handle_request: stop_status
2022-08-09 09:16:53,891 DEBUG   SenderThread:17272 [sender.py:send_request():250] send_request: stop_status
2022-08-09 09:17:09,017 DEBUG   HandlerThread:17272 [handler.py:handle_request():140] handle_request: stop_status
2022-08-09 09:17:09,017 DEBUG   SenderThread:17272 [sender.py:send_request():250] send_request: stop_status
2022-08-09 09:17:24,195 DEBUG   HandlerThread:17272 [handler.py:handle_request():140] handle_request: stop_status
2022-08-09 09:17:24,195 DEBUG   SenderThread:17272 [sender.py:send_request():250] send_request: stop_status
2022-08-09 09:17:39,406 DEBUG   HandlerThread:17272 [handler.py:handle_request():140] handle_request: stop_status
2022-08-09 09:17:39,406 DEBUG   SenderThread:17272 [sender.py:send_request():250] send_request: stop_status
2022-08-09 09:17:54,521 DEBUG   HandlerThread:17272 [handler.py:handle_request():140] handle_request: stop_status
2022-08-09 09:17:54,521 DEBUG   SenderThread:17272 [sender.py:send_request():250] send_request: stop_status
2022-08-09 09:18:09,658 DEBUG   HandlerThread:17272 [handler.py:handle_request():140] handle_request: stop_status
2022-08-09 09:18:09,659 DEBUG   SenderThread:17272 [sender.py:send_request():250] send_request: stop_status
2022-08-09 09:18:24,780 DEBUG   HandlerThread:17272 [handler.py:handle_request():140] handle_request: stop_status
2022-08-09 09:18:24,780 DEBUG   SenderThread:17272 [sender.py:send_request():250] send_request: stop_status
2022-08-09 09:18:39,991 DEBUG   HandlerThread:17272 [handler.py:handle_request():140] handle_request: stop_status
2022-08-09 09:18:39,991 DEBUG   SenderThread:17272 [sender.py:send_request():250] send_request: stop_status
2022-08-09 09:18:55,124 DEBUG   HandlerThread:17272 [handler.py:handle_request():140] handle_request: stop_status
2022-08-09 09:18:55,124 DEBUG   SenderThread:17272 [sender.py:send_request():250] send_request: stop_status
2022-08-09 09:19:10,269 DEBUG   HandlerThread:17272 [handler.py:handle_request():140] handle_request: stop_status
2022-08-09 09:19:10,269 DEBUG   SenderThread:17272 [sender.py:send_request():250] send_request: stop_status
2022-08-09 09:19:25,495 DEBUG   HandlerThread:17272 [handler.py:handle_request():140] handle_request: stop_status
2022-08-09 09:19:25,496 DEBUG   SenderThread:17272 [sender.py:send_request():250] send_request: stop_status
2022-08-09 09:19:40,626 DEBUG   HandlerThread:17272 [handler.py:handle_request():140] handle_request: stop_status
2022-08-09 09:19:40,626 DEBUG   SenderThread:17272 [sender.py:send_request():250] send_request: stop_status
2022-08-09 09:19:55,768 DEBUG   HandlerThread:17272 [handler.py:handle_request():140] handle_request: stop_status
2022-08-09 09:19:55,769 DEBUG   SenderThread:17272 [sender.py:send_request():250] send_request: stop_status
2022-08-09 09:20:10,970 DEBUG   HandlerThread:17272 [handler.py:handle_request():140] handle_request: stop_status
2022-08-09 09:20:10,970 DEBUG   SenderThread:17272 [sender.py:send_request():250] send_request: stop_status
2022-08-09 09:20:26,123 DEBUG   HandlerThread:17272 [handler.py:handle_request():140] handle_request: stop_status
2022-08-09 09:20:26,123 DEBUG   SenderThread:17272 [sender.py:send_request():250] send_request: stop_status
2022-08-09 09:20:41,237 DEBUG   HandlerThread:17272 [handler.py:handle_request():140] handle_request: stop_status
2022-08-09 09:20:41,238 DEBUG   SenderThread:17272 [sender.py:send_request():250] send_request: stop_status
2022-08-09 09:20:56,389 DEBUG   HandlerThread:17272 [handler.py:handle_request():140] handle_request: stop_status
2022-08-09 09:20:56,389 DEBUG   SenderThread:17272 [sender.py:send_request():250] send_request: stop_status
2022-08-09 09:21:11,517 DEBUG   HandlerThread:17272 [handler.py:handle_request():140] handle_request: stop_status
2022-08-09 09:21:11,517 DEBUG   SenderThread:17272 [sender.py:send_request():250] send_request: stop_status
2022-08-09 09:21:26,644 DEBUG   HandlerThread:17272 [handler.py:handle_request():140] handle_request: stop_status
2022-08-09 09:21:26,644 DEBUG   SenderThread:17272 [sender.py:send_request():250] send_request: stop_status
